Build started 25.06.2014 13:19:46.
     1>Project "C:\Users\manderim\Desktop\NALib\Windows\NALib\NALib.vcxproj" on node 2 (build target(s)).
     1>InitializeBuildStatus:
         Creating "Debug\NALib.unsuccessfulbuild" because "AlwaysCreate" was specified.
       ClCompile:
         C:\Program Files (x86)\Microsoft Visual Studio 10.0\VC\bin\CL.exe /c /ZI /nologo /W3 /WX- /Od /Oy- /D _MBCS /Gm /EHsc /RTC1 /MDd /GS /fp:precise /Zc:wchar_t /Zc:forScope /Fo"Debug\\" /Fd"Debug\vc100.pdb" /Gd /TC /analyze- /errorReport:prompt ..\..\test\main.c
         main.c
       Link:
         C:\Program Files (x86)\Microsoft Visual Studio 10.0\VC\bin\link.exe /ERRORREPORT:PROMPT /OUT:"C:\Users\manderim\Desktop\NALib\Windows\Debug\NALib.exe" /NOLOGO kernel32.lib user32.lib gdi32.lib winspool.lib comdlg32.lib advapi32.lib shell32.lib ole32.lib oleaut32.lib uuid.lib odbc32.lib odbccp32.lib /MANIFEST /ManifestFile:"Debug\NALib.exe.intermediate.manifest" /MANIFESTUAC:"level='asInvoker' uiAccess='false'" /DEBUG /PDB:"C:\Users\manderim\Desktop\NALib\Windows\Debug\NALib.pdb" /TLBID:1 /DYNAMICBASE /NXCOMPAT /IMPLIB:"C:\Users\manderim\Desktop\NALib\Windows\Debug\NALib.lib" /MACHINE:X86 Debug\NABitArray.obj
         Debug\NADateTime.obj
         Debug\NAFile.obj
         Debug\NAGrowingSpace.obj
         Debug\NAHeap.obj
         Debug\NARectArea.obj
         Debug\NAString.obj
         Debug\NASystem.obj
         Debug\main.obj
         LINK : C:\Users\manderim\Desktop\NALib\Windows\Debug\NALib.exe not found or not built by the last incremental link; performing full link
            Creating library C:\Users\manderim\Desktop\NALib\Windows\Debug\NALib.lib and object C:\Users\manderim\Desktop\NALib\Windows\Debug\NALib.exp
         NALib.vcxproj -> C:\Users\manderim\Desktop\NALib\Windows\Debug\NALib.exe
       Manifest:
         C:\Program Files (x86)\Microsoft SDKs\Windows\v7.0A\bin\mt.exe /nologo /verbose /outputresource:"C:\Users\manderim\Desktop\NALib\Windows\Debug\NALib.exe;#1" /manifest Debug\NALib.exe.intermediate.manifest
       FinalizeBuildStatus:
         Deleting file "Debug\NALib.unsuccessfulbuild".
         Touching "Debug\NALib.lastbuildstate".
     1>Done Building Project "C:\Users\manderim\Desktop\NALib\Windows\NALib\NALib.vcxproj" (build target(s)).

Build succeeded.

Time Elapsed 00:00:00.63
